CRITICAL - 2022-04-17 18:02:30 --> Call to undefined method App\Models\Libro::ordeBy
#0 C:\xampp\htdocs\ci4\app\Controllers\Libros.php(11): CodeIgniter\Model->__call('ordeBy', Array)
#1 C:\xampp\htdocs\ci4\system\CodeIgniter.php(832): App\Controllers\Libros->index()
#2 C:\xampp\htdocs\ci4\system\CodeIgniter.php(419): CodeIgniter\CodeIgniter->runController(Object(App\Controllers\Libros))
#3 C:\xampp\htdocs\ci4\system\CodeIgniter.php(326): CodeIgniter\CodeIgniter->handleRequest(NULL, Object(Config\Cache), false)
#4 C:\xampp\htdocs\ci4\index.php(37): CodeIgniter\CodeIgniter->run()
#5 {main}
ERROR - 2022-04-17 22:53:39 --> Unknown column '$id_libro' in 'where clause'
CRITICAL - 2022-04-17 22:53:40 --> Unknown column '$id_libro' in 'where clause'
#0 C:\xampp\htdocs\ci4\system\Database\MySQLi\Connection.php(292): mysqli->query('SELECT *\nFROM `...', 0)
#1 C:\xampp\htdocs\ci4\system\Database\BaseConnection.php(670): CodeIgniter\Database\MySQLi\Connection->execute('SELECT *\nFROM `...')
#2 C:\xampp\htdocs\ci4\system\Database\BaseConnection.php(598): CodeIgniter\Database\BaseConnection->simpleQuery('SELECT *\nFROM `...')
#3 C:\xampp\htdocs\ci4\system\Database\BaseBuilder.php(1455): CodeIgniter\Database\BaseConnection->query('SELECT *\nFROM `...', Array, false)
#4 C:\xampp\htdocs\ci4\system\Model.php(210): CodeIgniter\Database\BaseBuilder->get()
#5 C:\xampp\htdocs\ci4\system\BaseModel.php(622): CodeIgniter\Model->doFirst()
#6 C:\xampp\htdocs\ci4\app\Controllers\Libros.php(54): CodeIgniter\BaseModel->first()
#7 C:\xampp\htdocs\ci4\system\CodeIgniter.php(832): App\Controllers\Libros->borrar('3')
#8 C:\xampp\htdocs\ci4\system\CodeIgniter.php(419): CodeIgniter\CodeIgniter->runController(Object(App\Controllers\Libros))
#9 C:\xampp\htdocs\ci4\system\CodeIgniter.php(326): CodeIgniter\CodeIgniter->handleRequest(NULL, Object(Config\Cache), false)
#10 C:\xampp\htdocs\ci4\public\index.php(37): CodeIgniter\CodeIgniter->run()
#11 {main}
ERROR - 2022-04-17 22:56:10 --> Unknown column '$id_libro' in 'where clause'
CRITICAL - 2022-04-17 22:56:11 --> Unknown column '$id_libro' in 'where clause'
#0 C:\xampp\htdocs\ci4\system\Database\MySQLi\Connection.php(292): mysqli->query('SELECT *\nFROM `...', 0)
#1 C:\xampp\htdocs\ci4\system\Database\BaseConnection.php(670): CodeIgniter\Database\MySQLi\Connection->execute('SELECT *\nFROM `...')
#2 C:\xampp\htdocs\ci4\system\Database\BaseConnection.php(598): CodeIgniter\Database\BaseConnection->simpleQuery('SELECT *\nFROM `...')
#3 C:\xampp\htdocs\ci4\system\Database\BaseBuilder.php(1455): CodeIgniter\Database\BaseConnection->query('SELECT *\nFROM `...', Array, false)
#4 C:\xampp\htdocs\ci4\system\Model.php(210): CodeIgniter\Database\BaseBuilder->get()
#5 C:\xampp\htdocs\ci4\system\BaseModel.php(622): CodeIgniter\Model->doFirst()
#6 C:\xampp\htdocs\ci4\app\Controllers\Libros.php(54): CodeIgniter\BaseModel->first()
#7 C:\xampp\htdocs\ci4\system\CodeIgniter.php(832): App\Controllers\Libros->borrar('3')
#8 C:\xampp\htdocs\ci4\system\CodeIgniter.php(419): CodeIgniter\CodeIgniter->runController(Object(App\Controllers\Libros))
#9 C:\xampp\htdocs\ci4\system\CodeIgniter.php(326): CodeIgniter\CodeIgniter->handleRequest(NULL, Object(Config\Cache), false)
#10 C:\xampp\htdocs\ci4\public\index.php(37): CodeIgniter\CodeIgniter->run()
#11 {main}
ERROR - 2022-04-17 22:59:08 --> Unknown column 'id' in 'where clause'
CRITICAL - 2022-04-17 22:59:08 --> Unknown column 'id' in 'where clause'
#0 C:\xampp\htdocs\ci4\system\Database\MySQLi\Connection.php(292): mysqli->query('DELETE FROM `li...', 0)
#1 C:\xampp\htdocs\ci4\system\Database\BaseConnection.php(670): CodeIgniter\Database\MySQLi\Connection->execute('DELETE FROM `li...')
#2 C:\xampp\htdocs\ci4\system\Database\BaseConnection.php(598): CodeIgniter\Database\BaseConnection->simpleQuery('DELETE FROM `li...')
#3 C:\xampp\htdocs\ci4\system\Database\BaseBuilder.php(2225): CodeIgniter\Database\BaseConnection->query('DELETE FROM `li...', Array, false)
#4 C:\xampp\htdocs\ci4\system\Model.php(359): CodeIgniter\Database\BaseBuilder->delete()
#5 C:\xampp\htdocs\ci4\system\BaseModel.php(963): CodeIgniter\Model->doDelete(Array, false)
#6 C:\xampp\htdocs\ci4\app\Controllers\Libros.php(61): CodeIgniter\BaseModel->delete(Array)
#7 C:\xampp\htdocs\ci4\system\CodeIgniter.php(832): App\Controllers\Libros->borrar('3')
#8 C:\xampp\htdocs\ci4\system\CodeIgniter.php(419): CodeIgniter\CodeIgniter->runController(Object(App\Controllers\Libros))
#9 C:\xampp\htdocs\ci4\system\CodeIgniter.php(326): CodeIgniter\CodeIgniter->handleRequest(NULL, Object(Config\Cache), false)
#10 C:\xampp\htdocs\ci4\public\index.php(37): CodeIgniter\CodeIgniter->run()
#11 {main}
CRITICAL - 2022-04-17 23:01:42 --> unlink(../public/imagenes/1650243158_c8670ed230a51eff6e2a.jpg): No such file or directory
#0 [internal function]: CodeIgniter\Debug\Exceptions->errorHandler(2, 'unlink(../publi...', 'C:\\xampp\\htdocs...', 58)
#1 C:\xampp\htdocs\ci4\app\Controllers\Libros.php(58): unlink('../public/image...')
#2 C:\xampp\htdocs\ci4\system\CodeIgniter.php(832): App\Controllers\Libros->borrar('3')
#3 C:\xampp\htdocs\ci4\system\CodeIgniter.php(419): CodeIgniter\CodeIgniter->runController(Object(App\Controllers\Libros))
#4 C:\xampp\htdocs\ci4\system\CodeIgniter.php(326): CodeIgniter\CodeIgniter->handleRequest(NULL, Object(Config\Cache), false)
#5 C:\xampp\htdocs\ci4\public\index.php(37): CodeIgniter\CodeIgniter->run()
#6 {main}
CRITICAL - 2022-04-17 23:02:47 --> unlink(../public/imagenes/imagen.jpg): No such file or directory
#0 [internal function]: CodeIgniter\Debug\Exceptions->errorHandler(2, 'unlink(../publi...', 'C:\\xampp\\htdocs...', 58)
#1 C:\xampp\htdocs\ci4\app\Controllers\Libros.php(58): unlink('../public/image...')
#2 C:\xampp\htdocs\ci4\system\CodeIgniter.php(832): App\Controllers\Libros->borrar('1')
#3 C:\xampp\htdocs\ci4\system\CodeIgniter.php(419): CodeIgniter\CodeIgniter->runController(Object(App\Controllers\Libros))
#4 C:\xampp\htdocs\ci4\system\CodeIgniter.php(326): CodeIgniter\CodeIgniter->handleRequest(NULL, Object(Config\Cache), false)
#5 C:\xampp\htdocs\ci4\public\index.php(37): CodeIgniter\CodeIgniter->run()
#6 {main}
CRITICAL - 2022-04-17 23:04:08 --> unlink(../public/imagenes/1650243158_c8670ed230a51eff6e2a.jpg): No such file or directory
#0 [internal function]: CodeIgniter\Debug\Exceptions->errorHandler(2, 'unlink(../publi...', 'C:\\xampp\\htdocs...', 58)
#1 C:\xampp\htdocs\ci4\app\Controllers\Libros.php(58): unlink('../public/image...')
#2 C:\xampp\htdocs\ci4\system\CodeIgniter.php(832): App\Controllers\Libros->borrar('3')
#3 C:\xampp\htdocs\ci4\system\CodeIgniter.php(419): CodeIgniter\CodeIgniter->runController(Object(App\Controllers\Libros))
#4 C:\xampp\htdocs\ci4\system\CodeIgniter.php(326): CodeIgniter\CodeIgniter->handleRequest(NULL, Object(Config\Cache), false)
#5 C:\xampp\htdocs\ci4\public\index.php(37): CodeIgniter\CodeIgniter->run()
#6 {main}
ERROR - 2022-04-17 23:06:40 --> Unknown column 'id' in 'where clause'
CRITICAL - 2022-04-17 23:06:40 --> Unknown column 'id' in 'where clause'
#0 C:\xampp\htdocs\ci4\system\Database\MySQLi\Connection.php(292): mysqli->query('DELETE FROM `li...', 0)
#1 C:\xampp\htdocs\ci4\system\Database\BaseConnection.php(670): CodeIgniter\Database\MySQLi\Connection->execute('DELETE FROM `li...')
#2 C:\xampp\htdocs\ci4\system\Database\BaseConnection.php(598): CodeIgniter\Database\BaseConnection->simpleQuery('DELETE FROM `li...')
#3 C:\xampp\htdocs\ci4\system\Database\BaseBuilder.php(2225): CodeIgniter\Database\BaseConnection->query('DELETE FROM `li...', Array, false)
#4 C:\xampp\htdocs\ci4\system\Model.php(359): CodeIgniter\Database\BaseBuilder->delete()
#5 C:\xampp\htdocs\ci4\system\BaseModel.php(963): CodeIgniter\Model->doDelete(Array, false)
#6 C:\xampp\htdocs\ci4\app\Controllers\Libros.php(61): CodeIgniter\BaseModel->delete(Array)
#7 C:\xampp\htdocs\ci4\system\CodeIgniter.php(832): App\Controllers\Libros->borrar('3')
#8 C:\xampp\htdocs\ci4\system\CodeIgniter.php(419): CodeIgniter\CodeIgniter->runController(Object(App\Controllers\Libros))
#9 C:\xampp\htdocs\ci4\system\CodeIgniter.php(326): CodeIgniter\CodeIgniter->handleRequest(NULL, Object(Config\Cache), false)
#10 C:\xampp\htdocs\ci4\public\index.php(37): CodeIgniter\CodeIgniter->run()
#11 {main}
ERROR - 2022-04-17 23:08:54 --> Unknown column 'id' in 'where clause'
CRITICAL - 2022-04-17 23:08:54 --> Unknown column 'id' in 'where clause'
#0 C:\xampp\htdocs\ci4\system\Database\MySQLi\Connection.php(292): mysqli->query('DELETE FROM `li...', 0)
#1 C:\xampp\htdocs\ci4\system\Database\BaseConnection.php(670): CodeIgniter\Database\MySQLi\Connection->execute('DELETE FROM `li...')
#2 C:\xampp\htdocs\ci4\system\Database\BaseConnection.php(598): CodeIgniter\Database\BaseConnection->simpleQuery('DELETE FROM `li...')
#3 C:\xampp\htdocs\ci4\system\Database\BaseBuilder.php(2225): CodeIgniter\Database\BaseConnection->query('DELETE FROM `li...', Array, false)
#4 C:\xampp\htdocs\ci4\system\Model.php(359): CodeIgniter\Database\BaseBuilder->delete()
#5 C:\xampp\htdocs\ci4\system\BaseModel.php(963): CodeIgniter\Model->doDelete(Array, false)
#6 C:\xampp\htdocs\ci4\app\Controllers\Libros.php(61): CodeIgniter\BaseModel->delete(Array)
#7 C:\xampp\htdocs\ci4\system\CodeIgniter.php(832): App\Controllers\Libros->borrar('3')
#8 C:\xampp\htdocs\ci4\system\CodeIgniter.php(419): CodeIgniter\CodeIgniter->runController(Object(App\Controllers\Libros))
#9 C:\xampp\htdocs\ci4\system\CodeIgniter.php(326): CodeIgniter\CodeIgniter->handleRequest(NULL, Object(Config\Cache), false)
#10 C:\xampp\htdocs\ci4\public\index.php(37): CodeIgniter\CodeIgniter->run()
#11 {main}
ERROR - 2022-04-17 23:11:25 --> Unknown column 'id' in 'where clause'
CRITICAL - 2022-04-17 23:11:25 --> Unknown column 'id' in 'where clause'
#0 C:\xampp\htdocs\ci4\system\Database\MySQLi\Connection.php(292): mysqli->query('DELETE FROM `li...', 0)
#1 C:\xampp\htdocs\ci4\system\Database\BaseConnection.php(670): CodeIgniter\Database\MySQLi\Connection->execute('DELETE FROM `li...')
#2 C:\xampp\htdocs\ci4\system\Database\BaseConnection.php(598): CodeIgniter\Database\BaseConnection->simpleQuery('DELETE FROM `li...')
#3 C:\xampp\htdocs\ci4\system\Database\BaseBuilder.php(2225): CodeIgniter\Database\BaseConnection->query('DELETE FROM `li...', Array, false)
#4 C:\xampp\htdocs\ci4\system\Model.php(359): CodeIgniter\Database\BaseBuilder->delete()
#5 C:\xampp\htdocs\ci4\system\BaseModel.php(963): CodeIgniter\Model->doDelete(Array, false)
#6 C:\xampp\htdocs\ci4\app\Controllers\Libros.php(64): CodeIgniter\BaseModel->delete(Array)
#7 C:\xampp\htdocs\ci4\system\CodeIgniter.php(832): App\Controllers\Libros->borrar('3')
#8 C:\xampp\htdocs\ci4\system\CodeIgniter.php(419): CodeIgniter\CodeIgniter->runController(Object(App\Controllers\Libros))
#9 C:\xampp\htdocs\ci4\system\CodeIgniter.php(326): CodeIgniter\CodeIgniter->handleRequest(NULL, Object(Config\Cache), false)
#10 C:\xampp\htdocs\ci4\public\index.php(37): CodeIgniter\CodeIgniter->run()
#11 {main}
ERROR - 2022-04-17 23:11:45 --> Unknown column 'id' in 'where clause'
CRITICAL - 2022-04-17 23:11:45 --> Unknown column 'id' in 'where clause'
#0 C:\xampp\htdocs\ci4\system\Database\MySQLi\Connection.php(292): mysqli->query('DELETE FROM `li...', 0)
#1 C:\xampp\htdocs\ci4\system\Database\BaseConnection.php(670): CodeIgniter\Database\MySQLi\Connection->execute('DELETE FROM `li...')
#2 C:\xampp\htdocs\ci4\system\Database\BaseConnection.php(598): CodeIgniter\Database\BaseConnection->simpleQuery('DELETE FROM `li...')
#3 C:\xampp\htdocs\ci4\system\Database\BaseBuilder.php(2225): CodeIgniter\Database\BaseConnection->query('DELETE FROM `li...', Array, false)
#4 C:\xampp\htdocs\ci4\system\Model.php(359): CodeIgniter\Database\BaseBuilder->delete()
#5 C:\xampp\htdocs\ci4\system\BaseModel.php(963): CodeIgniter\Model->doDelete(Array, false)
#6 C:\xampp\htdocs\ci4\app\Controllers\Libros.php(64): CodeIgniter\BaseModel->delete(Array)
#7 C:\xampp\htdocs\ci4\system\CodeIgniter.php(832): App\Controllers\Libros->borrar('3')
#8 C:\xampp\htdocs\ci4\system\CodeIgniter.php(419): CodeIgniter\CodeIgniter->runController(Object(App\Controllers\Libros))
#9 C:\xampp\htdocs\ci4\system\CodeIgniter.php(326): CodeIgniter\CodeIgniter->handleRequest(NULL, Object(Config\Cache), false)
#10 C:\xampp\htdocs\ci4\public\index.php(37): CodeIgniter\CodeIgniter->run()
#11 {main}
ERROR - 2022-04-17 23:14:05 --> Unknown column 'id' in 'where clause'
CRITICAL - 2022-04-17 23:14:06 --> Unknown column 'id' in 'where clause'
#0 C:\xampp\htdocs\ci4\system\Database\MySQLi\Connection.php(292): mysqli->query('DELETE FROM `li...', 0)
#1 C:\xampp\htdocs\ci4\system\Database\BaseConnection.php(670): CodeIgniter\Database\MySQLi\Connection->execute('DELETE FROM `li...')
#2 C:\xampp\htdocs\ci4\system\Database\BaseConnection.php(598): CodeIgniter\Database\BaseConnection->simpleQuery('DELETE FROM `li...')
#3 C:\xampp\htdocs\ci4\system\Database\BaseBuilder.php(2225): CodeIgniter\Database\BaseConnection->query('DELETE FROM `li...', Array, false)
#4 C:\xampp\htdocs\ci4\system\Model.php(359): CodeIgniter\Database\BaseBuilder->delete()
#5 C:\xampp\htdocs\ci4\system\BaseModel.php(963): CodeIgniter\Model->doDelete(Array, false)
#6 C:\xampp\htdocs\ci4\app\Controllers\Libros.php(64): CodeIgniter\BaseModel->delete(Array)
#7 C:\xampp\htdocs\ci4\system\CodeIgniter.php(832): App\Controllers\Libros->borrar('3')
#8 C:\xampp\htdocs\ci4\system\CodeIgniter.php(419): CodeIgniter\CodeIgniter->runController(Object(App\Controllers\Libros))
#9 C:\xampp\htdocs\ci4\system\CodeIgniter.php(326): CodeIgniter\CodeIgniter->handleRequest(NULL, Object(Config\Cache), false)
#10 C:\xampp\htdocs\ci4\public\index.php(37): CodeIgniter\CodeIgniter->run()
#11 {main}
ERROR - 2022-04-17 23:16:22 --> Unknown column 'id' in 'where clause'
CRITICAL - 2022-04-17 23:16:23 --> Unknown column 'id' in 'where clause'
#0 C:\xampp\htdocs\ci4\system\Database\MySQLi\Connection.php(292): mysqli->query('DELETE FROM `li...', 0)
#1 C:\xampp\htdocs\ci4\system\Database\BaseConnection.php(670): CodeIgniter\Database\MySQLi\Connection->execute('DELETE FROM `li...')
#2 C:\xampp\htdocs\ci4\system\Database\BaseConnection.php(598): CodeIgniter\Database\BaseConnection->simpleQuery('DELETE FROM `li...')
#3 C:\xampp\htdocs\ci4\system\Database\BaseBuilder.php(2225): CodeIgniter\Database\BaseConnection->query('DELETE FROM `li...', Array, false)
#4 C:\xampp\htdocs\ci4\system\Model.php(359): CodeIgniter\Database\BaseBuilder->delete()
#5 C:\xampp\htdocs\ci4\system\BaseModel.php(963): CodeIgniter\Model->doDelete(Array, false)
#6 C:\xampp\htdocs\ci4\app\Controllers\Libros.php(64): CodeIgniter\BaseModel->delete(Array)
#7 C:\xampp\htdocs\ci4\system\CodeIgniter.php(832): App\Controllers\Libros->borrar('3')
#8 C:\xampp\htdocs\ci4\system\CodeIgniter.php(419): CodeIgniter\CodeIgniter->runController(Object(App\Controllers\Libros))
#9 C:\xampp\htdocs\ci4\system\CodeIgniter.php(326): CodeIgniter\CodeIgniter->handleRequest(NULL, Object(Config\Cache), false)
#10 C:\xampp\htdocs\ci4\public\index.php(37): CodeIgniter\CodeIgniter->run()
#11 {main}
ERROR - 2022-04-17 23:16:33 --> Unknown column 'id' in 'where clause'
CRITICAL - 2022-04-17 23:16:33 --> Unknown column 'id' in 'where clause'
#0 C:\xampp\htdocs\ci4\system\Database\MySQLi\Connection.php(292): mysqli->query('DELETE FROM `li...', 0)
#1 C:\xampp\htdocs\ci4\system\Database\BaseConnection.php(670): CodeIgniter\Database\MySQLi\Connection->execute('DELETE FROM `li...')
#2 C:\xampp\htdocs\ci4\system\Database\BaseConnection.php(598): CodeIgniter\Database\BaseConnection->simpleQuery('DELETE FROM `li...')
#3 C:\xampp\htdocs\ci4\system\Database\BaseBuilder.php(2225): CodeIgniter\Database\BaseConnection->query('DELETE FROM `li...', Array, false)
#4 C:\xampp\htdocs\ci4\system\Model.php(359): CodeIgniter\Database\BaseBuilder->delete()
#5 C:\xampp\htdocs\ci4\system\BaseModel.php(963): CodeIgniter\Model->doDelete(Array, false)
#6 C:\xampp\htdocs\ci4\app\Controllers\Libros.php(64): CodeIgniter\BaseModel->delete(Array)
#7 C:\xampp\htdocs\ci4\system\CodeIgniter.php(832): App\Controllers\Libros->borrar('1')
#8 C:\xampp\htdocs\ci4\system\CodeIgniter.php(419): CodeIgniter\CodeIgniter->runController(Object(App\Controllers\Libros))
#9 C:\xampp\htdocs\ci4\system\CodeIgniter.php(326): CodeIgniter\CodeIgniter->handleRequest(NULL, Object(Config\Cache), false)
#10 C:\xampp\htdocs\ci4\public\index.php(37): CodeIgniter\CodeIgniter->run()
#11 {main}
CRITICAL - 2022-04-17 23:24:40 --> Array to string conversion
#0 C:\xampp\htdocs\ci4\app\Controllers\Libros.php(56): CodeIgniter\Debug\Exceptions->errorHandler(2, 'Array to string...', 'C:\\xampp\\htdocs...', 56)
#1 C:\xampp\htdocs\ci4\system\CodeIgniter.php(832): App\Controllers\Libros->borrar('3')
#2 C:\xampp\htdocs\ci4\system\CodeIgniter.php(419): CodeIgniter\CodeIgniter->runController(Object(App\Controllers\Libros))
#3 C:\xampp\htdocs\ci4\system\CodeIgniter.php(326): CodeIgniter\CodeIgniter->handleRequest(NULL, Object(Config\Cache), false)
#4 C:\xampp\htdocs\ci4\public\index.php(37): CodeIgniter\CodeIgniter->run()
#5 {main}
ERROR - 2022-04-17 23:28:04 --> Unknown column 'id' in 'where clause'
CRITICAL - 2022-04-17 23:28:04 --> Unknown column 'id' in 'where clause'
#0 C:\xampp\htdocs\ci4\system\Database\MySQLi\Connection.php(292): mysqli->query('DELETE FROM `li...', 0)
#1 C:\xampp\htdocs\ci4\system\Database\BaseConnection.php(670): CodeIgniter\Database\MySQLi\Connection->execute('DELETE FROM `li...')
#2 C:\xampp\htdocs\ci4\system\Database\BaseConnection.php(598): CodeIgniter\Database\BaseConnection->simpleQuery('DELETE FROM `li...')
#3 C:\xampp\htdocs\ci4\system\Database\BaseBuilder.php(2225): CodeIgniter\Database\BaseConnection->query('DELETE FROM `li...', Array, false)
#4 C:\xampp\htdocs\ci4\system\Model.php(359): CodeIgniter\Database\BaseBuilder->delete()
#5 C:\xampp\htdocs\ci4\system\BaseModel.php(963): CodeIgniter\Model->doDelete(Array, false)
#6 C:\xampp\htdocs\ci4\app\Controllers\Libros.php(65): CodeIgniter\BaseModel->delete(Array)
#7 C:\xampp\htdocs\ci4\system\CodeIgniter.php(832): App\Controllers\Libros->borrar('3')
#8 C:\xampp\htdocs\ci4\system\CodeIgniter.php(419): CodeIgniter\CodeIgniter->runController(Object(App\Controllers\Libros))
#9 C:\xampp\htdocs\ci4\system\CodeIgniter.php(326): CodeIgniter\CodeIgniter->handleRequest(NULL, Object(Config\Cache), false)
#10 C:\xampp\htdocs\ci4\public\index.php(37): CodeIgniter\CodeIgniter->run()
#11 {main}
ERROR - 2022-04-17 23:30:50 --> Unknown column 'id' in 'where clause'
CRITICAL - 2022-04-17 23:30:51 --> Unknown column 'id' in 'where clause'
#0 C:\xampp\htdocs\ci4\system\Database\MySQLi\Connection.php(292): mysqli->query('DELETE FROM `li...', 0)
#1 C:\xampp\htdocs\ci4\system\Database\BaseConnection.php(670): CodeIgniter\Database\MySQLi\Connection->execute('DELETE FROM `li...')
#2 C:\xampp\htdocs\ci4\system\Database\BaseConnection.php(598): CodeIgniter\Database\BaseConnection->simpleQuery('DELETE FROM `li...')
#3 C:\xampp\htdocs\ci4\system\Database\BaseBuilder.php(2225): CodeIgniter\Database\BaseConnection->query('DELETE FROM `li...', Array, false)
#4 C:\xampp\htdocs\ci4\system\Model.php(359): CodeIgniter\Database\BaseBuilder->delete()
#5 C:\xampp\htdocs\ci4\system\BaseModel.php(963): CodeIgniter\Model->doDelete(Array, false)
#6 C:\xampp\htdocs\ci4\app\Controllers\Libros.php(66): CodeIgniter\BaseModel->delete(Array)
#7 C:\xampp\htdocs\ci4\system\CodeIgniter.php(832): App\Controllers\Libros->borrar('3')
#8 C:\xampp\htdocs\ci4\system\CodeIgniter.php(419): CodeIgniter\CodeIgniter->runController(Object(App\Controllers\Libros))
#9 C:\xampp\htdocs\ci4\system\CodeIgniter.php(326): CodeIgniter\CodeIgniter->handleRequest(NULL, Object(Config\Cache), false)
#10 C:\xampp\htdocs\ci4\public\index.php(37): CodeIgniter\CodeIgniter->run()
#11 {main}
